<?xml version="1.0" encoding="UTF-8"?>
<!-- Generated by org.testng.reporters.JUnitReportReporter -->
<testsuite skipped="0" hostname="LKNDSS5CJCRQ2" name="brokerPortal.testCases.TC_002_BrokerRegistrationPage" tests="1" failures="0" timestamp="18 Jun 2020 16:08:19 GMT" time="52.165" errors="0">
  <testcase name="BrokerRegistration" time="52.165" classname="brokerPortal.testCases.TC_002_BrokerRegistrationPage"/>
</testsuite> <!-- brokerPortal.testCases.TC_002_BrokerRegistrationPage -->
