<?xml version="1.0" encoding="UTF-8"?>
<!-- Generated by org.testng.reporters.JUnitReportReporter -->
<testsuite skipped="0" hostname="LKNDSS5CJCRQ2" name="brokerPortal.testCases.TC003_InitialQuestions" tests="3" failures="0" timestamp="09 Jun 2020 09:18:32 GMT" time="91.080" errors="0">
  <testcase name="PurchaseResidentialApplication" time="28.497" classname="brokerPortal.testCases.TC003_InitialQuestions"/>
  <testcase name="PurchaseBTLApplication" time="31.296" classname="brokerPortal.testCases.TC003_InitialQuestions"/>
  <testcase name="PurchaseLTBApplication" time="31.287" classname="brokerPortal.testCases.TC003_InitialQuestions"/>
</testsuite> <!-- brokerPortal.testCases.TC003_InitialQuestions -->
