<?xml version="1.0" encoding="UTF-8"?>
<!-- Generated by org.testng.reporters.JUnitReportReporter -->
<testsuite skipped="0" hostname="LKNDSS5CJCRQ2" name="brokerPortal.testCases.TC_006_PersonalDetailsPage" tests="1" failures="0" timestamp="10 Jun 2020 10:20:49 GMT" time="357.609" errors="0">
  <testcase name="PersonalDetails" time="357.609" classname="brokerPortal.testCases.TC_006_PersonalDetailsPage"/>
</testsuite> <!-- brokerPortal.testCases.TC_006_PersonalDetailsPage -->
