<?xml version="1.0" encoding="UTF-8"?>
<!-- Generated by org.testng.reporters.JUnitReportReporter -->
<testsuite skipped="0" hostname="LKNDSS5CJCRQ2" name="brokerPortal.testCases.TC_006_PurchaseResidentialApplicationSingleApplicant" tests="1" failures="0" timestamp="19 Jun 2020 09:43:34 GMT" time="194.611" errors="0">
  <testcase name="PurchaseResidentialApplicationSingleApplicant" time="194.611" classname="brokerPortal.testCases.TC_006_PurchaseResidentialApplicationSingleApplicant"/>
</testsuite> <!-- brokerPortal.testCases.TC_006_PurchaseResidentialApplicationSingleApplicant -->
