<?xml version="1.0" encoding="UTF-8"?>
<!-- Generated by org.testng.reporters.JUnitReportReporter -->
<testsuite skipped="0" hostname="LKNDSS5CJCRQ2" name="brokerPortal.testCases.TC_008_PurchaseLTBApplicationSingleApplicant" tests="1" failures="0" timestamp="12 Jun 2020 05:00:33 GMT" time="390.688" errors="0">
  <testcase name="PurchaseLTBApplicationSingleApplicant" time="390.688" classname="brokerPortal.testCases.TC_008_PurchaseLTBApplicationSingleApplicant"/>
</testsuite> <!-- brokerPortal.testCases.TC_008_PurchaseLTBApplicationSingleApplicant -->
