<?xml version="1.0" encoding="UTF-8"?>
<!-- Generated by org.testng.reporters.JUnitReportReporter -->
<testsuite skipped="0" hostname="LKNDSS5CJCRQ2" name="brokerPortal.testCases.TC_004_MortgageIllustrationPage" tests="1" failures="0" timestamp="11 Jun 2020 07:21:19 GMT" time="62.219" errors="0">
  <testcase name="MortgageIllustrationInfo" time="62.219" classname="brokerPortal.testCases.TC_004_MortgageIllustrationPage"/>
</testsuite> <!-- brokerPortal.testCases.TC_004_MortgageIllustrationPage -->
