<?xml version="1.0" encoding="UTF-8"?>
<!-- Generated by org.testng.reporters.JUnitReportReporter -->
<testsuite skipped="0" hostname="LKNDSS5CJCRQ2" name="brokerPortal.testCases.TC003_PurchaseResidentialApplication" tests="3" failures="0" timestamp="09 Jun 2020 08:39:57 GMT" time="86.094" errors="0">
  <testcase name="PurchaseResidentialApplication" time="26.439" classname="brokerPortal.testCases.TC003_PurchaseResidentialApplication"/>
  <testcase name="PurchaseBTLApplication" time="29.836" classname="brokerPortal.testCases.TC003_PurchaseResidentialApplication"/>
  <testcase name="PurchaseLTBApplication" time="29.819" classname="brokerPortal.testCases.TC003_PurchaseResidentialApplication"/>
</testsuite> <!-- brokerPortal.testCases.TC003_PurchaseResidentialApplication -->
