<?xml version="1.0" encoding="UTF-8"?>
<!-- Generated by org.testng.reporters.JUnitReportReporter -->
<testsuite skipped="0" hostname="LKNDSS5CJCRQ2" name="brokerPortal.testCases.TC_DDT_BrokerLogin" tests="5" failures="0" timestamp="18 Jun 2020 05:11:38 GMT" time="82.943" errors="0">
  <testcase name="loginDDT" time="19.076" classname="brokerPortal.testCases.TC_DDT_BrokerLogin"/>
  <testcase name="loginDDT" time="19.385" classname="brokerPortal.testCases.TC_DDT_BrokerLogin"/>
  <testcase name="loginDDT" time="18.005" classname="brokerPortal.testCases.TC_DDT_BrokerLogin"/>
  <testcase name="loginDDT" time="13.572" classname="brokerPortal.testCases.TC_DDT_BrokerLogin"/>
  <testcase name="loginDDT" time="12.905" classname="brokerPortal.testCases.TC_DDT_BrokerLogin"/>
</testsuite> <!-- brokerPortal.testCases.TC_DDT_BrokerLogin -->
