<?xml version="1.0" encoding="UTF-8"?>
<!-- Generated by org.testng.reporters.JUnitReportReporter -->
<testsuite skipped="0" hostname="LKNDSS5CJCRQ2" name="brokerPortal.testCases.TC_010_PurchaseResidentialApplicationMultiApplicant" tests="1" failures="0" timestamp="24 Jun 2020 13:30:32 GMT" time="477.092" errors="0">
  <testcase name="PurchaseResidentialApplicationMultiApplicant" time="477.092" classname="brokerPortal.testCases.TC_010_PurchaseResidentialApplicationMultiApplicant"/>
</testsuite> <!-- brokerPortal.testCases.TC_010_PurchaseResidentialApplicationMultiApplicant -->
